<?xml version="1.0" encoding="UTF-8"?>
<!-- Generated by org.testng.reporters.JUnitReportReporter -->
<testsuite skipped="0" hostname="DESKTOP-ASB5QBL" name="testNG.UserReg_TestNG" tests="1" failures="0" timestamp="26 Jan 2021 12:28:30 GMT" time="27.192" errors="0">
  <testcase name="orgUserReg" time="27.192" classname="testNG.UserReg_TestNG"/>
</testsuite> <!-- testNG.UserReg_TestNG -->
