<?xml version="1.0" encoding="UTF-8"?>
<!-- Generated by org.testng.reporters.JUnitReportReporter -->
<testsuite skipped="0" hostname="DESKTOP-ASB5QBL" name="pom.LoginTC_POM" tests="1" failures="0" timestamp="28 Jan 2021 04:07:36 GMT" time="44.054" errors="0">
  <testcase name="login" time="44.054" classname="pom.LoginTC_POM"/>
</testsuite> <!-- pom.LoginTC_POM -->
