<?xml version="1.0" encoding="UTF-8"?>
<!-- Generated by org.testng.reporters.JUnitReportReporter -->
<testsuite skipped="0" hostname="DESKTOP-ASB5QBL" name="testNG.EmpReg_TestNG" tests="2" failures="0" timestamp="26 Jan 2021 12:46:52 GMT" time="20.707" errors="0">
  <testcase name="orgEmpReg" time="9.825" classname="testNG.EmpReg_TestNG"/>
  <testcase name="orgEmpReg" time="10.882" classname="testNG.EmpReg_TestNG"/>
</testsuite> <!-- testNG.EmpReg_TestNG -->
