<?xml version="1.0" encoding="UTF-8"?>
<!-- Generated by org.testng.reporters.JUnitReportReporter -->
<testsuite skipped="1" hostname="DESKTOP-ASB5QBL" name="testNG.AnnotationsEg" tests="4" failures="0" timestamp="26 Jan 2021 11:14:50 GMT" time="0.062" errors="0">
  <testcase name="function1" time="0.042" classname="testNG.AnnotationsEg"/>
  <testcase name="function2" time="0.004" classname="testNG.AnnotationsEg"/>
  <testcase name="function3" time="0.007" classname="testNG.AnnotationsEg">
    <skipped/>
  </testcase> <!-- function3 -->
  <testcase name="apple" time="0.009" classname="testNG.AnnotationsEg"/>
</testsuite> <!-- testNG.AnnotationsEg -->
